<?xml version="1.0" encoding="UTF-8"?>
<testng-results ignored="0" total="1" passed="1" failed="0" skipped="0">
  <reporter-output>
  </reporter-output>
  <suite started-at="2024-04-25T12:41:00 IST" name="Default suite" finished-at="2024-04-25T12:41:00 IST" duration-ms="104">
    <groups>
    </groups>
    <test started-at="2024-04-25T12:41:00 IST" name="Default test" finished-at="2024-04-25T12:41:00 IST" duration-ms="104">
      <class name="interviews.Practice">
        <test-method signature="practice()[pri:0, instance:interviews.Practice@f5ac9e4]" started-at="2024-04-25T12:41:00 IST" name="practice" finished-at="2024-04-25T12:41:00 IST" duration-ms="27" status="PASS">
          <reporter-output>
          </reporter-output>
        </test-method> <!-- practice -->
      </class> <!-- interviews.Practice -->
    </test> <!-- Default test -->
  </suite> <!-- Default suite -->
</testng-results>
